# JRE version: Java(TM) SE Runtime Environment (17.0.14+8) (build 17.0.14+8-LTS-191)
# Java VM: Java HotSpot(TM) 64-Bit Server VM (17.0.14+8-LTS-191, mixed mode, sharing, tiered, compressed oops, compressed class ptrs, g1 gc, windows-amd64)
GC Precious Log:
 CPUs: 8 total, 8 available
 Memory: 8013M
 Large Page Support: Disabled
 NUMA Support: Disabled
 Compressed Oops: Enabled (32-bit)
 Heap Region Size: 1M
 Heap Min Capacity: 8M
 Heap Initial Capacity: 126M
 Heap Max Capacity: 2004M
 Pre-touch: Disabled
 Parallel Workers: 8
 Concurrent Workers: 2
 Concurrent Refinement Workers: 8
 Periodic GC: Disabled
Heap:
 garbage-first heap   total 55296K, used 34040K [0x0000000082c00000, 0x0000000100000000)
  region size 1024K, 16 young (16384K), 3 survivors (3072K)
 Metaspace       used 44169K, committed 44608K, reserved 1114112K
  class space    used 5977K, committed 6208K, reserved 1048576K
GC Heap History (18 events):
Event: 2.673 GC heap before
{Heap before GC invocations=0 (full 0):
 garbage-first heap   total 129024K, used 23552K [0x0000000082c00000, 0x0000000100000000)
  region size 1024K, 23 young (23552K), 0 survivors (0K)
 Metaspace       used 4803K, committed 4992K, reserved 1114112K
  class space    used 589K, committed 704K, reserved 1048576K
}
Event: 2.684 GC heap after
{Heap after GC invocations=1 (full 0):
 garbage-first heap   total 129024K, used 8341K [0x0000000082c00000, 0x0000000100000000)
  region size 1024K, 3 young (3072K), 3 survivors (3072K)
 Metaspace       used 4803K, committed 4992K, reserved 1114112K
  class space    used 589K, committed 704K, reserved 1048576K
}
Event: 4.565 GC heap before
{Heap before GC invocations=1 (full 0):
 garbage-first heap   total 129024K, used 30869K [0x0000000082c00000, 0x0000000100000000)
  region size 1024K, 26 young (26624K), 3 survivors (3072K)
 Metaspace       used 10834K, committed 11072K, reserved 1114112K
  class space    used 1365K, committed 1472K, reserved 1048576K
}
Event: 4.575 GC heap after
{Heap after GC invocations=2 (full 0):
 garbage-first heap   total 129024K, used 10263K [0x0000000082c00000, 0x0000000100000000)
  region size 1024K, 2 young (2048K), 2 survivors (2048K)
 Metaspace       used 10834K, committed 11072K, reserved 1114112K
  class space    used 1365K, committed 1472K, reserved 1048576K
}
Event: 6.804 GC heap before
{Heap before GC invocations=2 (full 0):
 garbage-first heap   total 129024K, used 56343K [0x0000000082c00000, 0x0000000100000000)
  region size 1024K, 48 young (49152K), 2 survivors (2048K)
 Metaspace       used 19789K, committed 20096K, reserved 1114112K
  class space    used 2677K, committed 2816K, reserved 1048576K
}
Event: 6.812 GC heap after
{Heap after GC invocations=3 (full 0):
 garbage-first heap   total 129024K, used 13715K [0x0000000082c00000, 0x0000000100000000)
  region size 1024K, 6 young (6144K), 6 survivors (6144K)
 Metaspace       used 19789K, committed 20096K, reserved 1114112K
  class space    used 2677K, committed 2816K, reserved 1048576K
}
Event: 7.065 GC heap before
{Heap before GC invocations=3 (full 0):
 garbage-first heap   total 129024K, used 21907K [0x0000000082c00000, 0x0000000100000000)
  region size 1024K, 16 young (16384K), 6 survivors (6144K)
 Metaspace       used 21277K, committed 21504K, reserved 1114112K
  class space    used 2820K, committed 2944K, reserved 1048576K
}
Event: 7.073 GC heap after
{Heap after GC invocations=4 (full 0):
 garbage-first heap   total 129024K, used 14492K [0x0000000082c00000, 0x0000000100000000)
  region size 1024K, 5 young (5120K), 5 survivors (5120K)
 Metaspace       used 21277K, committed 21504K, reserved 1114112K
  class space    used 2820K, committed 2944K, reserved 1048576K
}
Event: 7.802 GC heap before
{Heap before GC invocations=5 (full 0):
 garbage-first heap   total 55296K, used 41116K [0x0000000082c00000, 0x0000000100000000)
  region size 1024K, 32 young (32768K), 5 survivors (5120K)
 Metaspace       used 25135K, committed 25408K, reserved 1114112K
  class space    used 3334K, committed 3456K, reserved 1048576K
}
Event: 7.813 GC heap after
{Heap after GC invocations=6 (full 0):
 garbage-first heap   total 55296K, used 16309K [0x0000000082c00000, 0x0000000100000000)
  region size 1024K, 4 young (4096K), 4 survivors (4096K)
 Metaspace       used 25135K, committed 25408K, reserved 1114112K
  class space    used 3334K, committed 3456K, reserved 1048576K
}
Event: 8.875 GC heap before
{Heap before GC invocations=6 (full 0):
 garbage-first heap   total 55296K, used 36789K [0x0000000082c00000, 0x0000000100000000)
  region size 1024K, 25 young (25600K), 4 survivors (4096K)
 Metaspace       used 28243K, committed 28544K, reserved 1114112K
  class space    used 3744K, committed 3904K, reserved 1048576K
}
Event: 8.889 GC heap after
{Heap after GC invocations=7 (full 0):
 garbage-first heap   total 55296K, used 17769K [0x0000000082c00000, 0x0000000100000000)
  region size 1024K, 2 young (2048K), 2 survivors (2048K)
 Metaspace       used 28243K, committed 28544K, reserved 1114112K
  class space    used 3744K, committed 3904K, reserved 1048576K
}
Event: 9.865 GC heap before
{Heap before GC invocations=7 (full 0):
 garbage-first heap   total 55296K, used 39273K [0x0000000082c00000, 0x0000000100000000)
  region size 1024K, 23 young (23552K), 2 survivors (2048K)
 Metaspace       used 30995K, committed 31424K, reserved 1114112K
  class space    used 4163K, committed 4352K, reserved 1048576K
}
Event: 9.880 GC heap after
{Heap after GC invocations=8 (full 0):
 garbage-first heap   total 55296K, used 19552K [0x0000000082c00000, 0x0000000100000000)
  region size 1024K, 3 young (3072K), 3 survivors (3072K)
 Metaspace       used 30995K, committed 31424K, reserved 1114112K
  class space    used 4163K, committed 4352K, reserved 1048576K
}
Event: 11.478 GC heap before
{Heap before GC invocations=8 (full 0):
 garbage-first heap   total 55296K, used 37984K [0x0000000082c00000, 0x0000000100000000)
  region size 1024K, 22 young (22528K), 3 survivors (3072K)
 Metaspace       used 35673K, committed 36096K, reserved 1114112K
  class space    used 4820K, committed 5056K, reserved 1048576K
}
Event: 11.492 GC heap after
{Heap after GC invocations=9 (full 0):
 garbage-first heap   total 55296K, used 20735K [0x0000000082c00000, 0x0000000100000000)
  region size 1024K, 2 young (2048K), 2 survivors (2048K)
 Metaspace       used 35673K, committed 36096K, reserved 1114112K
  class space    used 4820K, committed 5056K, reserved 1048576K
}
Event: 12.648 GC heap before
{Heap before GC invocations=10 (full 0):
 garbage-first heap   total 55296K, used 40191K [0x0000000082c00000, 0x0000000100000000)
  region size 1024K, 21 young (21504K), 2 survivors (2048K)
 Metaspace       used 40851K, committed 41280K, reserved 1114112K
  class space    used 5513K, committed 5696K, reserved 1048576K
}
Event: 12.656 GC heap after
{Heap after GC invocations=11 (full 0):
 garbage-first heap   total 55296K, used 21752K [0x0000000082c00000, 0x0000000100000000)
  region size 1024K, 3 young (3072K), 3 survivors (3072K)
 Metaspace       used 40851K, committed 41280K, reserved 1114112K
  class space    used 5513K, committed 5696K, reserved 1048576K
}

